<?xml version="1.0" encoding="UTF-8"?>
<testng-results skipped="0" failed="0" ignored="0" total="1" passed="1">
  <reporter-output>
  </reporter-output>
  <suite name="InetBankingV1" duration-ms="54766" started-at="2020-09-19T01:54:50Z" finished-at="2020-09-19T01:55:44Z">
    <groups>
    </groups>
    <test name="BankingApp Test" duration-ms="54766" started-at="2020-09-19T01:54:50Z" finished-at="2020-09-19T01:55:44Z">
      <class name="com.inetBanking.testCases.TC_AddUserTest_003">
        <test-method status="PASS" signature="setup(java.lang.String)[pri:0, instance:com.inetBanking.testCases.TC_AddUserTest_003@553f17c]" name="setup" is-config="true" duration-ms="13183" started-at="2020-09-19T01:54:50Z" finished-at="2020-09-19T01:55:03Z">
          <params>
            <param index="0">
              <value>
                <![CDATA[chrome]]>
              </value>
            </param>
          </params>
          <reporter-output>
          </reporter-output>
        </test-method> <!-- setup -->
        <test-method status="PASS" signature="AddUserTest()[pri:0, instance:com.inetBanking.testCases.TC_AddUserTest_003@553f17c]" name="AddUserTest" duration-ms="40489" started-at="2020-09-19T01:55:03Z" finished-at="2020-09-19T01:55:43Z">
          <reporter-output>
          </reporter-output>
        </test-method> <!-- AddUserTest -->
        <test-method status="PASS" signature="tearDown()[pri:0, instance:com.inetBanking.testCases.TC_AddUserTest_003@553f17c]" name="tearDown" is-config="true" duration-ms="805" started-at="2020-09-19T01:55:44Z" finished-at="2020-09-19T01:55:44Z">
          <reporter-output>
          </reporter-output>
        </test-method> <!-- tearDown -->
      </class> <!-- com.inetBanking.testCases.TC_AddUserTest_003 -->
    </test> <!-- BankingApp Test -->
  </suite> <!-- InetBankingV1 -->
</testng-results>
